<?xml version="1.0" encoding="UTF-8"?>
<!-- Generated by org.testng.reporters.JUnitReportReporter -->
<testsuite hostname="LAPTOP-TE40HFNV" failures="0" tests="2" name="org.Sample.PrashulOrange.Shopify" time="13.673" errors="0" timestamp="2025-01-11T17:13:56 IST" skipped="0">
  <testcase classname="org.Sample.PrashulOrange.Shopify" name="VerifyPageTitle" time="0.362"/>
  <system-out/>
  <testcase classname="org.Sample.PrashulOrange.Shopify" name="testvalidatePlaceOrder" time="13.311"/>
  <system-out/>
</testsuite> <!-- org.Sample.PrashulOrange.Shopify -->
